<?xml version="1.0" encoding="UTF-8"?>
<testsuite name="com.apache.fastandroid.ExampleUnitTest" tests="2" skipped="0" failures="0" errors="0" timestamp="2020-04-08T02:28:24" hostname="liuxiangxiangdeMacBook-Pro.local" time="0.0">
  <properties/>
  <testcase name="testMetaData" classname="com.apache.fastandroid.ExampleUnitTest" time="0.0"/>
  <testcase name="addition_isCorrect" classname="com.apache.fastandroid.ExampleUnitTest" time="0.0"/>
  <system-out><![CDATA[]]></system-out>
  <system-err><![CDATA[]]></system-err>
</testsuite>
